Determining if the pthread_create exist failed with the following output:
Change Dir: /home/dusan/Desktop/inery.cdt.1.7.x/build/tools/CMakeFiles/CMakeTmp

Run Build Command:"/usr/bin/make" "cmTC_4d0a4/fast"
make[3]: Entering directory '/home/dusan/Desktop/inery.cdt.1.7.x/build/tools/CMakeFiles/CMakeTmp'
/usr/bin/make -f CMakeFiles/cmTC_4d0a4.dir/build.make CMakeFiles/cmTC_4d0a4.dir/build
make[4]: Entering directory '/home/dusan/Desktop/inery.cdt.1.7.x/build/tools/CMakeFiles/CMakeTmp'
Building C object CMakeFiles/cmTC_4d0a4.dir/CheckSymbolExists.c.o
/usr/bin/cc    -o CMakeFiles/cmTC_4d0a4.dir/CheckSymbolExists.c.o   -c /home/dusan/Desktop/inery.cdt.1.7.x/build/tools/CMakeFiles/CMakeTmp/CheckSymbolExists.c
Linking C executable cmTC_4d0a4
/home/dusan/bin/cmake -E cmake_link_script CMakeFiles/cmTC_4d0a4.dir/link.txt --verbose=1
/usr/bin/cc      -rdynamic CMakeFiles/cmTC_4d0a4.dir/CheckSymbolExists.c.o  -o cmTC_4d0a4 
CMakeFiles/cmTC_4d0a4.dir/CheckSymbolExists.c.o: In function `main':
CheckSymbolExists.c:(.text+0x1b): undefined reference to `pthread_create'
collect2: error: ld returned 1 exit status
CMakeFiles/cmTC_4d0a4.dir/build.make:86: recipe for target 'cmTC_4d0a4' failed
make[4]: *** [cmTC_4d0a4] Error 1
make[4]: Leaving directory '/home/dusan/Desktop/inery.cdt.1.7.x/build/tools/CMakeFiles/CMakeTmp'
Makefile:121: recipe for target 'cmTC_4d0a4/fast' failed
make[3]: *** [cmTC_4d0a4/fast] Error 2
make[3]: Leaving directory '/home/dusan/Desktop/inery.cdt.1.7.x/build/tools/CMakeFiles/CMakeTmp'

File /home/dusan/Desktop/inery.cdt.1.7.x/build/tools/CMakeFiles/CMakeTmp/CheckSymbolExists.c:
/* */
#include <pthread.h>

int main(int argc, char** argv)
{
  (void)argv;
#ifndef pthread_create
  return ((int*)(&pthread_create))[argc];
#else
  (void)argc;
  return 0;
#endif
}

Determining if the function pthread_create exists in the pthreads failed with the following output:
Change Dir: /home/dusan/Desktop/inery.cdt.1.7.x/build/tools/CMakeFiles/CMakeTmp

Run Build Command:"/usr/bin/make" "cmTC_91a77/fast"
make[3]: Entering directory '/home/dusan/Desktop/inery.cdt.1.7.x/build/tools/CMakeFiles/CMakeTmp'
/usr/bin/make -f CMakeFiles/cmTC_91a77.dir/build.make CMakeFiles/cmTC_91a77.dir/build
make[4]: Entering directory '/home/dusan/Desktop/inery.cdt.1.7.x/build/tools/CMakeFiles/CMakeTmp'
Building C object CMakeFiles/cmTC_91a77.dir/CheckFunctionExists.c.o
/usr/bin/cc   -DCHECK_FUNCTION_EXISTS=pthread_create   -o CMakeFiles/cmTC_91a77.dir/CheckFunctionExists.c.o   -c /home/dusan/share/cmake-3.13/Modules/CheckFunctionExists.c
Linking C executable cmTC_91a77
/home/dusan/bin/cmake -E cmake_link_script CMakeFiles/cmTC_91a77.dir/link.txt --verbose=1
/usr/bin/cc  -DCHECK_FUNCTION_EXISTS=pthread_create    -rdynamic CMakeFiles/cmTC_91a77.dir/CheckFunctionExists.c.o  -o cmTC_91a77 -lpthreads 
/usr/bin/ld: cannot find -lpthreads
collect2: error: ld returned 1 exit status
CMakeFiles/cmTC_91a77.dir/build.make:86: recipe for target 'cmTC_91a77' failed
make[4]: *** [cmTC_91a77] Error 1
make[4]: Leaving directory '/home/dusan/Desktop/inery.cdt.1.7.x/build/tools/CMakeFiles/CMakeTmp'
Makefile:121: recipe for target 'cmTC_91a77/fast' failed
make[3]: *** [cmTC_91a77/fast] Error 2
make[3]: Leaving directory '/home/dusan/Desktop/inery.cdt.1.7.x/build/tools/CMakeFiles/CMakeTmp'


